<html>
<head>
<title>TestNG:  Test</title>
<link href="../testng.css" rel="stylesheet" type="text/css" />
<link href="../my-testng.css" rel="stylesheet" type="text/css" />

<style type="text/css">
.log { display: none;} 
.stack-trace { display: none;} 
</style>
<script type="text/javascript">
<!--
function flip(e) {
  current = e.style.display;
  if (current == 'block') {
    e.style.display = 'none';
    return 0;
  }
  else {
    e.style.display = 'block';
    return 1;
  }
}

function toggleBox(szDivId, elem, msg1, msg2)
{
  var res = -1;  if (document.getElementById) {
    res = flip(document.getElementById(szDivId));
  }
  else if (document.all) {
    // this is the way old msie versions work
    res = flip(document.all[szDivId]);
  }
  if(elem) {
    if(res == 0) elem.innerHTML = msg1; else elem.innerHTML = msg2;
  }

}

function toggleAllBoxes() {
  if (document.getElementsByTagName) {
    d = document.getElementsByTagName('div');
    for (i = 0; i < d.length; i++) {
      if (d[i].className == 'log') {
        flip(d[i]);
      }
    }
  }
}

// -->
</script>

</head>
<body>
<h2 align='center'>Test</h2><table border='1' align="center">
<tr>
<td>Tests passed/Failed/Skipped:</td><td>19/2/5</td>
</tr><tr>
<td>Started on:</td><td>Wed Feb 21 15:01:17 IST 2024</td>
</tr>
<tr><td>Total time:</td><td>128 seconds (128105 ms)</td>
</tr><tr>
<td>Included groups:</td><td>Master </td>
</tr><tr>
<td>Excluded groups:</td><td></td>
</tr>
</table><p/>
<small><i>(Hover the method name to see the test class name)</i></small><p/>
<table width='100%' border='1' class='invocation-failed'>
<tr><td colspan='4' align='center'><b>FAILED TESTS</b></td></tr>
<tr><td><b>Test method</b></td>
<td><b>Attribute(s)</b></td>
<td width="30%"><b>Exception</b></td>
<td width="10%"><b>Time (seconds)</b></td>
<td><b>Instance</b></td>
</tr>
<tr>
<td title='TestCases.LoanTenureCalculatorUICheck.validateHomeInsurancePerYearRupeesButton()'><b>validateHomeInsurancePerYearRupeesButton</b><br>Test class: TestCases.LoanTenureCalculatorUICheck</td>
<td><div><pre>java.lang.AssertionError: expected [0] but found [20,000]
	at TestCases.HomeLoanEMI.validateHomeInsurancePerYearRupeesButton(HomeLoanEMI.java:452)
	at java.base/java.util.ArrayList.forEach(ArrayList.java:1511)
... Removed 33 stack frames</pre></div><a href='#' onClick='toggleBox("stack-trace682907878", this, "Click to show all stack frames", "Click to hide stack frames")'>Click to show all stack frames</a>
<div class='stack-trace' id='stack-trace682907878'><pre>java.lang.AssertionError: expected [0] but found [20,000]
	at org.testng.Assert.fail(Assert.java:111)
	at org.testng.Assert.failNotEquals(Assert.java:1578)
	at org.testng.Assert.assertEqualsImpl(Assert.java:150)
	at org.testng.Assert.assertEquals(Assert.java:132)
	at org.testng.Assert.assertEquals(Assert.java:656)
	at org.testng.Assert.assertEquals(Assert.java:666)
	at TestCases.HomeLoanEMI.validateHomeInsurancePerYearRupeesButton(HomeLoanEMI.java:452)
	at java.base/jdk.internal.reflect.NativeMethodAccessorImpl.invoke0(Native Method)
	at java.base/jdk.internal.reflect.NativeMethodAccessorImpl.invoke(NativeMethodAccessorImpl.java:77)
	at java.base/jdk.internal.reflect.DelegatingMethodAccessorImpl.invoke(DelegatingMethodAccessorImpl.java:43)
	at java.base/java.lang.reflect.Method.invoke(Method.java:568)
	at org.testng.internal.invokers.MethodInvocationHelper.invokeMethod(MethodInvocationHelper.java:139)
	at org.testng.internal.invokers.TestInvoker.invokeMethod(TestInvoker.java:664)
	at org.testng.internal.invokers.TestInvoker.invokeTestMethod(TestInvoker.java:227)
	at org.testng.internal.invokers.MethodRunner.runInSequence(MethodRunner.java:50)
	at org.testng.internal.invokers.TestInvoker$MethodInvocationAgent.invoke(TestInvoker.java:957)
	at org.testng.internal.invokers.TestInvoker.invokeTestMethods(TestInvoker.java:200)
	at org.testng.internal.invokers.TestMethodWorker.invokeTestMethods(TestMethodWorker.java:148)
	at org.testng.internal.invokers.TestMethodWorker.run(TestMethodWorker.java:128)
	at java.base/java.util.ArrayList.forEach(ArrayList.java:1511)
	at org.testng.TestRunner.privateRun(TestRunner.java:848)
	at org.testng.TestRunner.run(TestRunner.java:621)
	at org.testng.SuiteRunner.runTest(SuiteRunner.java:443)
	at org.testng.SuiteRunner.runSequentially(SuiteRunner.java:437)
	at org.testng.SuiteRunner.privateRun(SuiteRunner.java:397)
	at org.testng.SuiteRunner.run(SuiteRunner.java:336)
	at org.testng.SuiteRunnerWorker.runSuite(SuiteRunnerWorker.java:52)
	at org.testng.SuiteRunnerWorker.run(SuiteRunnerWorker.java:95)
	at org.testng.TestNG.runSuitesSequentially(TestNG.java:1280)
	at org.testng.TestNG.runSuitesLocally(TestNG.java:1200)
	at org.testng.TestNG.runSuites(TestNG.java:1114)
	at org.testng.TestNG.run(TestNG.java:1082)
	at org.testng.remote.AbstractRemoteTestNG.run(AbstractRemoteTestNG.java:115)
	at org.testng.remote.RemoteTestNG.initAndRun(RemoteTestNG.java:251)
	at org.testng.remote.RemoteTestNG.main(RemoteTestNG.java:77)
</pre></div></td>
<td>3</td>
<td>TestCases.LoanTenureCalculatorUICheck@26794848</td></tr>
<tr>
<td title='TestCases.LoanTenureCalculatorUICheck.clickOnCarLoanLink()'><b>clickOnCarLoanLink</b><br>Test class: TestCases.LoanTenureCalculatorUICheck</td>
<td><div><pre>org.openqa.selenium.NoSuchElementException: no such element: Unable to locate element: {&quot;method&quot;:&quot;xpath&quot;,&quot;selector&quot;:&quot;//li[@id=&apos;car-loan&apos;]/a&quot;}
  (Session info: chrome=120.0.6099.130)
For documentation on this error, please visit: https://www.selenium.dev/documentation/webdriver/troubleshooting/errors#no-such-element-exception
Build info: version: &apos;4.16.1&apos;, revision: &apos;9b4c83354e&apos;
System info: os.name: &apos;Windows 11&apos;, os.arch: &apos;amd64&apos;, os.version: &apos;10.0&apos;, java.version: &apos;17.0.2&apos;
Driver info: org.openqa.selenium.remote.RemoteWebDriver
Command: [46bd50cf4b0378cd39e1fc650eb025a6, findElement {using=xpath, value=//li[@id=&apos;car-loan&apos;]/a}]
Capabilities {acceptInsecureCerts: false, browserName: chrome, browserVersion: 120.0.6099.130, chrome: {chromedriverVersion: 120.0.6099.109 (3419140ab66..., userDataDir: C:\Users\2303470\AppData\Lo...}, fedcm:accounts: true, goog:chromeOptions: {debuggerAddress: localhost:54950}, networkConnectionEnabled: false, pageLoadStrategy: normal, platformName: Windows 11, proxy: Proxy(), se:bidiEnabled: false, se:cdp: ws://10.193.69.207:4444/ses..., se:cdpVersion: 120.0.6099.130, setWindowRect: true, strictFileInteractability: false, timeouts: {implicit: 0, pageLoad: 300000, script: 30000}, unhandledPromptBehavior: dismiss and notify, webauthn:extension:credBlob: true, webauthn:extension:largeBlob: true, webauthn:extension:minPinLength: true, webauthn:extension:prf: true, webauthn:virtualAuthenticators: true}
Session ID: 46bd50cf4b0378cd39e1fc650eb025a6
	at org.openqa.selenium.remote.codec.w3c.W3CHttpResponseCodec.createException(W3CHttpResponseCodec.java:200)
	at org.openqa.selenium.remote.codec.w3c.W3CHttpResponseCodec.decode(W3CHttpResponseCodec.java:133)
	at org.openqa.selenium.remote.codec.w3c.W3CHttpResponseCodec.decode(W3CHttpResponseCodec.java:52)
	at org.openqa.selenium.remote.HttpCommandExecutor.execute(HttpCommandExecutor.java:191)
	at org.openqa.selenium.remote.TracedCommandExecutor.execute(TracedCommandExecutor.java:51)
	at org.openqa.selenium.remote.RemoteWebDriver.execute(RemoteWebDriver.java:523)
	at org.openqa.selenium.remote.ElementLocation$ElementFinder$2.findElement(ElementLocation.java:165)
	at org.openqa.selenium.remote.ElementLocation.findElement(ElementLocation.java:59)
	at org.openqa.selenium.remote.RemoteWebDriver.findElement(RemoteWebDriver.java:360)
	at org.openqa.selenium.remote.RemoteWebDriver.findElement(RemoteWebDriver.java:354)
	at org.openqa.selenium.support.pagefactory.DefaultElementLocator.findElement(DefaultElementLocator.java:68)
	at org.openqa.selenium.support.pagefactory.internal.LocatingElementHandler.invoke(LocatingElementHandler.java:38)
	at jdk.proxy2/jdk.proxy2.$Proxy31.click(Unknown Source)
	at PageObject.EMICalculatorPage.clickOnCarLoanLink(EMICalculatorPage.java:42)
	at TestCases.CarLoanEMI.clickOnCarLoanLink(CarLoanEMI.java:33)
	at java.base/java.util.ArrayList.forEach(ArrayList.java:1511)
... Removed 32 stack frames</pre></div><a href='#' onClick='toggleBox("stack-trace1539827598", this, "Click to show all stack frames", "Click to hide stack frames")'>Click to show all stack frames</a>
<div class='stack-trace' id='stack-trace1539827598'><pre>org.openqa.selenium.NoSuchElementException: no such element: Unable to locate element: {&quot;method&quot;:&quot;xpath&quot;,&quot;selector&quot;:&quot;//li[@id=&apos;car-loan&apos;]/a&quot;}
  (Session info: chrome=120.0.6099.130)
For documentation on this error, please visit: https://www.selenium.dev/documentation/webdriver/troubleshooting/errors#no-such-element-exception
Build info: version: &apos;4.16.1&apos;, revision: &apos;9b4c83354e&apos;
System info: os.name: &apos;Windows 11&apos;, os.arch: &apos;amd64&apos;, os.version: &apos;10.0&apos;, java.version: &apos;17.0.2&apos;
Driver info: org.openqa.selenium.remote.RemoteWebDriver
Command: [46bd50cf4b0378cd39e1fc650eb025a6, findElement {using=xpath, value=//li[@id=&apos;car-loan&apos;]/a}]
Capabilities {acceptInsecureCerts: false, browserName: chrome, browserVersion: 120.0.6099.130, chrome: {chromedriverVersion: 120.0.6099.109 (3419140ab66..., userDataDir: C:\Users\2303470\AppData\Lo...}, fedcm:accounts: true, goog:chromeOptions: {debuggerAddress: localhost:54950}, networkConnectionEnabled: false, pageLoadStrategy: normal, platformName: Windows 11, proxy: Proxy(), se:bidiEnabled: false, se:cdp: ws://10.193.69.207:4444/ses..., se:cdpVersion: 120.0.6099.130, setWindowRect: true, strictFileInteractability: false, timeouts: {implicit: 0, pageLoad: 300000, script: 30000}, unhandledPromptBehavior: dismiss and notify, webauthn:extension:credBlob: true, webauthn:extension:largeBlob: true, webauthn:extension:minPinLength: true, webauthn:extension:prf: true, webauthn:virtualAuthenticators: true}
Session ID: 46bd50cf4b0378cd39e1fc650eb025a6
	at java.base/jdk.internal.reflect.NativeConstructorAccessorImpl.newInstance0(Native Method)
	at java.base/jdk.internal.reflect.NativeConstructorAccessorImpl.newInstance(NativeConstructorAccessorImpl.java:77)
	at java.base/jdk.internal.reflect.DelegatingConstructorAccessorImpl.newInstance(DelegatingConstructorAccessorImpl.java:45)
	at java.base/java.lang.reflect.Constructor.newInstanceWithCaller(Constructor.java:499)
	at java.base/java.lang.reflect.Constructor.newInstance(Constructor.java:480)
	at org.openqa.selenium.remote.codec.w3c.W3CHttpResponseCodec.createException(W3CHttpResponseCodec.java:200)
	at org.openqa.selenium.remote.codec.w3c.W3CHttpResponseCodec.decode(W3CHttpResponseCodec.java:133)
	at org.openqa.selenium.remote.codec.w3c.W3CHttpResponseCodec.decode(W3CHttpResponseCodec.java:52)
	at org.openqa.selenium.remote.HttpCommandExecutor.execute(HttpCommandExecutor.java:191)
	at org.openqa.selenium.remote.TracedCommandExecutor.execute(TracedCommandExecutor.java:51)
	at org.openqa.selenium.remote.RemoteWebDriver.execute(RemoteWebDriver.java:523)
	at org.openqa.selenium.remote.ElementLocation$ElementFinder$2.findElement(ElementLocation.java:165)
	at org.openqa.selenium.remote.ElementLocation.findElement(ElementLocation.java:59)
	at org.openqa.selenium.remote.RemoteWebDriver.findElement(RemoteWebDriver.java:360)
	at org.openqa.selenium.remote.RemoteWebDriver.findElement(RemoteWebDriver.java:354)
	at org.openqa.selenium.support.pagefactory.DefaultElementLocator.findElement(DefaultElementLocator.java:68)
	at org.openqa.selenium.support.pagefactory.internal.LocatingElementHandler.invoke(LocatingElementHandler.java:38)
	at jdk.proxy2/jdk.proxy2.$Proxy31.click(Unknown Source)
	at PageObject.EMICalculatorPage.clickOnCarLoanLink(EMICalculatorPage.java:42)
	at TestCases.CarLoanEMI.clickOnCarLoanLink(CarLoanEMI.java:33)
	at java.base/jdk.internal.reflect.NativeMethodAccessorImpl.invoke0(Native Method)
	at java.base/jdk.internal.reflect.NativeMethodAccessorImpl.invoke(NativeMethodAccessorImpl.java:77)
	at java.base/jdk.internal.reflect.DelegatingMethodAccessorImpl.invoke(DelegatingMethodAccessorImpl.java:43)
	at java.base/java.lang.reflect.Method.invoke(Method.java:568)
	at org.testng.internal.invokers.MethodInvocationHelper.invokeMethod(MethodInvocationHelper.java:139)
	at org.testng.internal.invokers.TestInvoker.invokeMethod(TestInvoker.java:664)
	at org.testng.internal.invokers.TestInvoker.invokeTestMethod(TestInvoker.java:227)
	at org.testng.internal.invokers.MethodRunner.runInSequence(MethodRunner.java:50)
	at org.testng.internal.invokers.TestInvoker$MethodInvocationAgent.invoke(TestInvoker.java:957)
	at org.testng.internal.invokers.TestInvoker.invokeTestMethods(TestInvoker.java:200)
	at org.testng.internal.invokers.TestMethodWorker.invokeTestMethods(TestMethodWorker.java:148)
	at org.testng.internal.invokers.TestMethodWorker.run(TestMethodWorker.java:128)
	at java.base/java.util.ArrayList.forEach(ArrayList.java:1511)
	at org.testng.TestRunner.privateRun(TestRunner.java:848)
	at org.testng.TestRunner.run(TestRunner.java:621)
	at org.testng.SuiteRunner.runTest(SuiteRunner.java:443)
	at org.testng.SuiteRunner.runSequentially(SuiteRunner.java:437)
	at org.testng.SuiteRunner.privateRun(SuiteRunner.java:397)
	at org.testng.SuiteRunner.run(SuiteRunner.java:336)
	at org.testng.SuiteRunnerWorker.runSuite(SuiteRunnerWorker.java:52)
	at org.testng.SuiteRunnerWorker.run(SuiteRunnerWorker.java:95)
	at org.testng.TestNG.runSuitesSequentially(TestNG.java:1280)
	at org.testng.TestNG.runSuitesLocally(TestNG.java:1200)
	at org.testng.TestNG.runSuites(TestNG.java:1114)
	at org.testng.TestNG.run(TestNG.java:1082)
	at org.testng.remote.AbstractRemoteTestNG.run(AbstractRemoteTestNG.java:115)
	at org.testng.remote.RemoteTestNG.initAndRun(RemoteTestNG.java:251)
	at org.testng.remote.RemoteTestNG.main(RemoteTestNG.java:77)
</pre></div></td>
<td>10</td>
<td>TestCases.LoanTenureCalculatorUICheck@26794848</td></tr>
</table><p>
<table width='100%' border='1' class='invocation-passed'>
<tr><td colspan='4' align='center'><b>PASSED TESTS</b></td></tr>
<tr><td><b>Test method</b></td>
<td><b>Attribute(s)</b></td>
<td width="30%"><b>Exception</b></td>
<td width="10%"><b>Time (seconds)</b></td>
<td><b>Instance</b></td>
</tr>
<tr>
<td title='TestCases.LoanTenureCalculatorUICheck.validateInterestRateInputField()'><b>validateInterestRateInputField</b><br>Test class: TestCases.LoanTenureCalculatorUICheck<br>Parameters: 2,00,00,000, 25.0, 10,00,000, 12.0, 10.0, 0.3, 01-Feb-2029, 5.0, 0.3, 0.1, 3000.0</td>
<td></td>
<td>0</td>
<td>TestCases.LoanTenureCalculatorUICheck@26794848</td></tr>
<tr>
<td title='TestCases.LoanTenureCalculatorUICheck.validateOneTimeExpensesRupeesButton()'><b>validateOneTimeExpensesRupeesButton</b><br>Test class: TestCases.LoanTenureCalculatorUICheck</td>
<td></td>
<td>3</td>
<td>TestCases.LoanTenureCalculatorUICheck@26794848</td></tr>
<tr>
<td title='TestCases.LoanTenureCalculatorUICheck.validateHomeInsurancePerYearInputField()'><b>validateHomeInsurancePerYearInputField</b><br>Test class: TestCases.LoanTenureCalculatorUICheck<br>Parameters: 2,00,00,000, 25.0, 10,00,000, 12.0, 10.0, 0.3, 01-Feb-2029, 5.0, 0.3, 0.1, 3000.0</td>
<td></td>
<td>0</td>
<td>TestCases.LoanTenureCalculatorUICheck@26794848</td></tr>
<tr>
<td title='TestCases.LoanTenureCalculatorUICheck.homeLoanEmiCalculatorValidation()'><b>homeLoanEmiCalculatorValidation</b><br>Test class: TestCases.LoanTenureCalculatorUICheck</td>
<td></td>
<td>1</td>
<td>TestCases.LoanTenureCalculatorUICheck@26794848</td></tr>
<tr>
<td title='TestCases.LoanTenureCalculatorUICheck.validateDownPaymentRupeesButton()'><b>validateDownPaymentRupeesButton</b><br>Test class: TestCases.LoanTenureCalculatorUICheck</td>
<td></td>
<td>0</td>
<td>TestCases.LoanTenureCalculatorUICheck@26794848</td></tr>
<tr>
<td title='TestCases.LoanTenureCalculatorUICheck.validateLoanStartMonthAndYearField()'><b>validateLoanStartMonthAndYearField</b><br>Test class: TestCases.LoanTenureCalculatorUICheck</td>
<td></td>
<td>0</td>
<td>TestCases.LoanTenureCalculatorUICheck@26794848</td></tr>
<tr>
<td title='TestCases.LoanTenureCalculatorUICheck.validateLoanTenureMonthsButton()'><b>validateLoanTenureMonthsButton</b><br>Test class: TestCases.LoanTenureCalculatorUICheck</td>
<td></td>
<td>0</td>
<td>TestCases.LoanTenureCalculatorUICheck@26794848</td></tr>
<tr>
<td title='TestCases.LoanTenureCalculatorUICheck.validateDownPaymentInputFieldInPercentage()'><b>validateDownPaymentInputFieldInPercentage</b><br>Test class: TestCases.LoanTenureCalculatorUICheck<br>Parameters: 2,00,00,000, 25.0, 10,00,000, 12.0, 10.0, 0.3, 01-Feb-2029, 5.0, 0.3, 0.1, 3000.0</td>
<td></td>
<td>3</td>
<td>TestCases.LoanTenureCalculatorUICheck@26794848</td></tr>
<tr>
<td title='TestCases.LoanTenureCalculatorUICheck.validateOneTimeExpensesInputField()'><b>validateOneTimeExpensesInputField</b><br>Test class: TestCases.LoanTenureCalculatorUICheck<br>Parameters: 2,00,00,000, 25.0, 10,00,000, 12.0, 10.0, 0.3, 01-Feb-2029, 5.0, 0.3, 0.1, 3000.0</td>
<td></td>
<td>0</td>
<td>TestCases.LoanTenureCalculatorUICheck@26794848</td></tr>
<tr>
<td title='TestCases.LoanTenureCalculatorUICheck.validateLoanTenureInputField()'><b>validateLoanTenureInputField</b><br>Test class: TestCases.LoanTenureCalculatorUICheck<br>Parameters: 2,00,00,000, 25.0, 10,00,000, 12.0, 10.0, 0.3, 01-Feb-2029, 5.0, 0.3, 0.1, 3000.0</td>
<td></td>
<td>0</td>
<td>TestCases.LoanTenureCalculatorUICheck@26794848</td></tr>
<tr>
<td title='TestCases.LoanTenureCalculatorUICheck.validatePropertyTaxesPerYearRupeesButton()'><b>validatePropertyTaxesPerYearRupeesButton</b><br>Test class: TestCases.LoanTenureCalculatorUICheck</td>
<td></td>
<td>3</td>
<td>TestCases.LoanTenureCalculatorUICheck@26794848</td></tr>
<tr>
<td title='TestCases.LoanTenureCalculatorUICheck.validateMaintenanceExpensesPerMonthInputField()'><b>validateMaintenanceExpensesPerMonthInputField</b><br>Test class: TestCases.LoanTenureCalculatorUICheck<br>Parameters: 2,00,00,000, 25.0, 10,00,000, 12.0, 10.0, 0.3, 01-Feb-2029, 5.0, 0.3, 0.1, 3000.0</td>
<td></td>
<td>0</td>
<td>TestCases.LoanTenureCalculatorUICheck@26794848</td></tr>
<tr>
<td title='TestCases.LoanTenureCalculatorUICheck.validateLoanInsuranceInputField()'><b>validateLoanInsuranceInputField</b><br>Test class: TestCases.LoanTenureCalculatorUICheck<br>Parameters: 2,00,00,000, 25.0, 10,00,000, 12.0, 10.0, 0.3, 01-Feb-2029, 5.0, 0.3, 0.1, 3000.0</td>
<td></td>
<td>3</td>
<td>TestCases.LoanTenureCalculatorUICheck@26794848</td></tr>
<tr>
<td title='TestCases.LoanTenureCalculatorUICheck.validateHomeValueInputfield()'><b>validateHomeValueInputfield</b><br>Test class: TestCases.LoanTenureCalculatorUICheck<br>Parameters: 2,00,00,000, 25.0, 10,00,000, 12.0, 10.0, 0.3, 01-Feb-2029, 5.0, 0.3, 0.1, 3000.0</td>
<td></td>
<td>4</td>
<td>TestCases.LoanTenureCalculatorUICheck@26794848</td></tr>
<tr>
<td title='TestCases.LoanTenureCalculatorUICheck.validateLoanChargesRupeesButtonElement()'><b>validateLoanChargesRupeesButtonElement</b><br>Test class: TestCases.LoanTenureCalculatorUICheck</td>
<td></td>
<td>0</td>
<td>TestCases.LoanTenureCalculatorUICheck@26794848</td></tr>
<tr>
<td title='TestCases.LoanTenureCalculatorUICheck.calculatorsDropDownValidation()'><b>calculatorsDropDownValidation</b><br>Test class: TestCases.LoanTenureCalculatorUICheck</td>
<td></td>
<td>40</td>
<td>TestCases.LoanTenureCalculatorUICheck@26794848</td></tr>
<tr>
<td title='TestCases.LoanTenureCalculatorUICheck.validatePropertyTaxesPerYearInputField()'><b>validatePropertyTaxesPerYearInputField</b><br>Test class: TestCases.LoanTenureCalculatorUICheck<br>Parameters: 2,00,00,000, 25.0, 10,00,000, 12.0, 10.0, 0.3, 01-Feb-2029, 5.0, 0.3, 0.1, 3000.0</td>
<td></td>
<td>0</td>
<td>TestCases.LoanTenureCalculatorUICheck@26794848</td></tr>
<tr>
<td title='TestCases.LoanTenureCalculatorUICheck.validateLoanChargesInputField()'><b>validateLoanChargesInputField</b><br>Test class: TestCases.LoanTenureCalculatorUICheck<br>Parameters: 2,00,00,000, 25.0, 10,00,000, 12.0, 10.0, 0.3, 01-Feb-2029, 5.0, 0.3, 0.1, 3000.0</td>
<td></td>
<td>4</td>
<td>TestCases.LoanTenureCalculatorUICheck@26794848</td></tr>
<tr>
<td title='TestCases.LoanTenureCalculatorUICheck.validateLoanStartMonthAndYearInputField()'><b>validateLoanStartMonthAndYearInputField</b><br>Test class: TestCases.LoanTenureCalculatorUICheck<br>Parameters: 2,00,00,000, 25.0, 10,00,000, 12.0, 10.0, 0.3, 01-Feb-2029, 5.0, 0.3, 0.1, 3000.0</td>
<td></td>
<td>1</td>
<td>TestCases.LoanTenureCalculatorUICheck@26794848</td></tr>
</table><p>
<table width='100%' border='1' class='invocation-skipped'>
<tr><td colspan='4' align='center'><b>SKIPPED TESTS</b></td></tr>
<tr><td><b>Test method</b></td>
<td><b>Attribute(s)</b></td>
<td width="30%"><b>Exception</b></td>
<td width="10%"><b>Time (seconds)</b></td>
<td><b>Instance</b></td>
</tr>
<tr>
<td title='TestCases.LoanTenureCalculatorUICheck.setInterestRate()'><b>setInterestRate</b><br>Test class: TestCases.LoanTenureCalculatorUICheck</td>
<td><div><pre>java.lang.Throwable: Method TestCases.CarLoanEMI.setInterestRate() on instance TestCases.LoanTenureCalculatorUICheck@26794848 depends on not successfully finished methods 
[TestCases.CarLoanEMI.clickOnCarLoanLink() on instance TestCases.LoanTenureCalculatorUICheck@26794848]
	at java.base/java.util.ArrayList.forEach(ArrayList.java:1511)
... Removed 18 stack frames</pre></div><a href='#' onClick='toggleBox("stack-trace1987154353", this, "Click to show all stack frames", "Click to hide stack frames")'>Click to show all stack frames</a>
<div class='stack-trace' id='stack-trace1987154353'><pre>java.lang.Throwable: Method TestCases.CarLoanEMI.setInterestRate() on instance TestCases.LoanTenureCalculatorUICheck@26794848 depends on not successfully finished methods 
[TestCases.CarLoanEMI.clickOnCarLoanLink() on instance TestCases.LoanTenureCalculatorUICheck@26794848]
	at org.testng.internal.invokers.TestInvoker.invokeTestMethods(TestInvoker.java:156)
	at org.testng.internal.invokers.TestMethodWorker.invokeTestMethods(TestMethodWorker.java:148)
	at org.testng.internal.invokers.TestMethodWorker.run(TestMethodWorker.java:128)
	at java.base/java.util.ArrayList.forEach(ArrayList.java:1511)
	at org.testng.TestRunner.privateRun(TestRunner.java:848)
	at org.testng.TestRunner.run(TestRunner.java:621)
	at org.testng.SuiteRunner.runTest(SuiteRunner.java:443)
	at org.testng.SuiteRunner.runSequentially(SuiteRunner.java:437)
	at org.testng.SuiteRunner.privateRun(SuiteRunner.java:397)
	at org.testng.SuiteRunner.run(SuiteRunner.java:336)
	at org.testng.SuiteRunnerWorker.runSuite(SuiteRunnerWorker.java:52)
	at org.testng.SuiteRunnerWorker.run(SuiteRunnerWorker.java:95)
	at org.testng.TestNG.runSuitesSequentially(TestNG.java:1280)
	at org.testng.TestNG.runSuitesLocally(TestNG.java:1200)
	at org.testng.TestNG.runSuites(TestNG.java:1114)
	at org.testng.TestNG.run(TestNG.java:1082)
	at org.testng.remote.AbstractRemoteTestNG.run(AbstractRemoteTestNG.java:115)
	at org.testng.remote.RemoteTestNG.initAndRun(RemoteTestNG.java:251)
	at org.testng.remote.RemoteTestNG.main(RemoteTestNG.java:77)
</pre></div></td>
<td>0</td>
<td>TestCases.LoanTenureCalculatorUICheck@26794848</td></tr>
<tr>
<td title='TestCases.LoanTenureCalculatorUICheck.clickOnyear()'><b>clickOnyear</b><br>Test class: TestCases.LoanTenureCalculatorUICheck</td>
<td><div><pre>java.lang.Throwable: Method TestCases.CarLoanEMI.clickOnyear() on instance TestCases.LoanTenureCalculatorUICheck@26794848 depends on not successfully finished methods 
[TestCases.CarLoanEMI.clickOnCarLoanLink() on instance TestCases.LoanTenureCalculatorUICheck@26794848]
	at java.base/java.util.ArrayList.forEach(ArrayList.java:1511)
... Removed 18 stack frames</pre></div><a href='#' onClick='toggleBox("stack-trace1857126088", this, "Click to show all stack frames", "Click to hide stack frames")'>Click to show all stack frames</a>
<div class='stack-trace' id='stack-trace1857126088'><pre>java.lang.Throwable: Method TestCases.CarLoanEMI.clickOnyear() on instance TestCases.LoanTenureCalculatorUICheck@26794848 depends on not successfully finished methods 
[TestCases.CarLoanEMI.clickOnCarLoanLink() on instance TestCases.LoanTenureCalculatorUICheck@26794848]
	at org.testng.internal.invokers.TestInvoker.invokeTestMethods(TestInvoker.java:156)
	at org.testng.internal.invokers.TestMethodWorker.invokeTestMethods(TestMethodWorker.java:148)
	at org.testng.internal.invokers.TestMethodWorker.run(TestMethodWorker.java:128)
	at java.base/java.util.ArrayList.forEach(ArrayList.java:1511)
	at org.testng.TestRunner.privateRun(TestRunner.java:848)
	at org.testng.TestRunner.run(TestRunner.java:621)
	at org.testng.SuiteRunner.runTest(SuiteRunner.java:443)
	at org.testng.SuiteRunner.runSequentially(SuiteRunner.java:437)
	at org.testng.SuiteRunner.privateRun(SuiteRunner.java:397)
	at org.testng.SuiteRunner.run(SuiteRunner.java:336)
	at org.testng.SuiteRunnerWorker.runSuite(SuiteRunnerWorker.java:52)
	at org.testng.SuiteRunnerWorker.run(SuiteRunnerWorker.java:95)
	at org.testng.TestNG.runSuitesSequentially(TestNG.java:1280)
	at org.testng.TestNG.runSuitesLocally(TestNG.java:1200)
	at org.testng.TestNG.runSuites(TestNG.java:1114)
	at org.testng.TestNG.run(TestNG.java:1082)
	at org.testng.remote.AbstractRemoteTestNG.run(AbstractRemoteTestNG.java:115)
	at org.testng.remote.RemoteTestNG.initAndRun(RemoteTestNG.java:251)
	at org.testng.remote.RemoteTestNG.main(RemoteTestNG.java:77)
</pre></div></td>
<td>0</td>
<td>TestCases.LoanTenureCalculatorUICheck@26794848</td></tr>
<tr>
<td title='TestCases.LoanTenureCalculatorUICheck.readData()'><b>readData</b><br>Test class: TestCases.LoanTenureCalculatorUICheck</td>
<td><div><pre>java.lang.Throwable: Method TestCases.CarLoanEMI.readData() on instance TestCases.LoanTenureCalculatorUICheck@26794848 depends on not successfully finished methods 
[TestCases.CarLoanEMI.clickOnCarLoanLink() on instance TestCases.LoanTenureCalculatorUICheck@26794848]
	at java.base/java.util.ArrayList.forEach(ArrayList.java:1511)
... Removed 18 stack frames</pre></div><a href='#' onClick='toggleBox("stack-trace662433937", this, "Click to show all stack frames", "Click to hide stack frames")'>Click to show all stack frames</a>
<div class='stack-trace' id='stack-trace662433937'><pre>java.lang.Throwable: Method TestCases.CarLoanEMI.readData() on instance TestCases.LoanTenureCalculatorUICheck@26794848 depends on not successfully finished methods 
[TestCases.CarLoanEMI.clickOnCarLoanLink() on instance TestCases.LoanTenureCalculatorUICheck@26794848]
	at org.testng.internal.invokers.TestInvoker.invokeTestMethods(TestInvoker.java:156)
	at org.testng.internal.invokers.TestMethodWorker.invokeTestMethods(TestMethodWorker.java:148)
	at org.testng.internal.invokers.TestMethodWorker.run(TestMethodWorker.java:128)
	at java.base/java.util.ArrayList.forEach(ArrayList.java:1511)
	at org.testng.TestRunner.privateRun(TestRunner.java:848)
	at org.testng.TestRunner.run(TestRunner.java:621)
	at org.testng.SuiteRunner.runTest(SuiteRunner.java:443)
	at org.testng.SuiteRunner.runSequentially(SuiteRunner.java:437)
	at org.testng.SuiteRunner.privateRun(SuiteRunner.java:397)
	at org.testng.SuiteRunner.run(SuiteRunner.java:336)
	at org.testng.SuiteRunnerWorker.runSuite(SuiteRunnerWorker.java:52)
	at org.testng.SuiteRunnerWorker.run(SuiteRunnerWorker.java:95)
	at org.testng.TestNG.runSuitesSequentially(TestNG.java:1280)
	at org.testng.TestNG.runSuitesLocally(TestNG.java:1200)
	at org.testng.TestNG.runSuites(TestNG.java:1114)
	at org.testng.TestNG.run(TestNG.java:1082)
	at org.testng.remote.AbstractRemoteTestNG.run(AbstractRemoteTestNG.java:115)
	at org.testng.remote.RemoteTestNG.initAndRun(RemoteTestNG.java:251)
	at org.testng.remote.RemoteTestNG.main(RemoteTestNG.java:77)
</pre></div></td>
<td>0</td>
<td>TestCases.LoanTenureCalculatorUICheck@26794848</td></tr>
<tr>
<td title='TestCases.LoanTenureCalculatorUICheck.setLoanTenure()'><b>setLoanTenure</b><br>Test class: TestCases.LoanTenureCalculatorUICheck</td>
<td><div><pre>java.lang.Throwable: Method TestCases.CarLoanEMI.setLoanTenure() on instance TestCases.LoanTenureCalculatorUICheck@26794848 depends on not successfully finished methods 
[TestCases.CarLoanEMI.clickOnCarLoanLink() on instance TestCases.LoanTenureCalculatorUICheck@26794848]
	at java.base/java.util.ArrayList.forEach(ArrayList.java:1511)
... Removed 18 stack frames</pre></div><a href='#' onClick='toggleBox("stack-trace1562452013", this, "Click to show all stack frames", "Click to hide stack frames")'>Click to show all stack frames</a>
<div class='stack-trace' id='stack-trace1562452013'><pre>java.lang.Throwable: Method TestCases.CarLoanEMI.setLoanTenure() on instance TestCases.LoanTenureCalculatorUICheck@26794848 depends on not successfully finished methods 
[TestCases.CarLoanEMI.clickOnCarLoanLink() on instance TestCases.LoanTenureCalculatorUICheck@26794848]
	at org.testng.internal.invokers.TestInvoker.invokeTestMethods(TestInvoker.java:156)
	at org.testng.internal.invokers.TestMethodWorker.invokeTestMethods(TestMethodWorker.java:148)
	at org.testng.internal.invokers.TestMethodWorker.run(TestMethodWorker.java:128)
	at java.base/java.util.ArrayList.forEach(ArrayList.java:1511)
	at org.testng.TestRunner.privateRun(TestRunner.java:848)
	at org.testng.TestRunner.run(TestRunner.java:621)
	at org.testng.SuiteRunner.runTest(SuiteRunner.java:443)
	at org.testng.SuiteRunner.runSequentially(SuiteRunner.java:437)
	at org.testng.SuiteRunner.privateRun(SuiteRunner.java:397)
	at org.testng.SuiteRunner.run(SuiteRunner.java:336)
	at org.testng.SuiteRunnerWorker.runSuite(SuiteRunnerWorker.java:52)
	at org.testng.SuiteRunnerWorker.run(SuiteRunnerWorker.java:95)
	at org.testng.TestNG.runSuitesSequentially(TestNG.java:1280)
	at org.testng.TestNG.runSuitesLocally(TestNG.java:1200)
	at org.testng.TestNG.runSuites(TestNG.java:1114)
	at org.testng.TestNG.run(TestNG.java:1082)
	at org.testng.remote.AbstractRemoteTestNG.run(AbstractRemoteTestNG.java:115)
	at org.testng.remote.RemoteTestNG.initAndRun(RemoteTestNG.java:251)
	at org.testng.remote.RemoteTestNG.main(RemoteTestNG.java:77)
</pre></div></td>
<td>0</td>
<td>TestCases.LoanTenureCalculatorUICheck@26794848</td></tr>
<tr>
<td title='TestCases.LoanTenureCalculatorUICheck.setCarAmount()'><b>setCarAmount</b><br>Test class: TestCases.LoanTenureCalculatorUICheck</td>
<td><div><pre>java.lang.Throwable: Method TestCases.CarLoanEMI.setCarAmount() on instance TestCases.LoanTenureCalculatorUICheck@26794848 depends on not successfully finished methods 
[TestCases.CarLoanEMI.clickOnCarLoanLink() on instance TestCases.LoanTenureCalculatorUICheck@26794848]
	at java.base/java.util.ArrayList.forEach(ArrayList.java:1511)
... Removed 18 stack frames</pre></div><a href='#' onClick='toggleBox("stack-trace1530560245", this, "Click to show all stack frames", "Click to hide stack frames")'>Click to show all stack frames</a>
<div class='stack-trace' id='stack-trace1530560245'><pre>java.lang.Throwable: Method TestCases.CarLoanEMI.setCarAmount() on instance TestCases.LoanTenureCalculatorUICheck@26794848 depends on not successfully finished methods 
[TestCases.CarLoanEMI.clickOnCarLoanLink() on instance TestCases.LoanTenureCalculatorUICheck@26794848]
	at org.testng.internal.invokers.TestInvoker.invokeTestMethods(TestInvoker.java:156)
	at org.testng.internal.invokers.TestMethodWorker.invokeTestMethods(TestMethodWorker.java:148)
	at org.testng.internal.invokers.TestMethodWorker.run(TestMethodWorker.java:128)
	at java.base/java.util.ArrayList.forEach(ArrayList.java:1511)
	at org.testng.TestRunner.privateRun(TestRunner.java:848)
	at org.testng.TestRunner.run(TestRunner.java:621)
	at org.testng.SuiteRunner.runTest(SuiteRunner.java:443)
	at org.testng.SuiteRunner.runSequentially(SuiteRunner.java:437)
	at org.testng.SuiteRunner.privateRun(SuiteRunner.java:397)
	at org.testng.SuiteRunner.run(SuiteRunner.java:336)
	at org.testng.SuiteRunnerWorker.runSuite(SuiteRunnerWorker.java:52)
	at org.testng.SuiteRunnerWorker.run(SuiteRunnerWorker.java:95)
	at org.testng.TestNG.runSuitesSequentially(TestNG.java:1280)
	at org.testng.TestNG.runSuitesLocally(TestNG.java:1200)
	at org.testng.TestNG.runSuites(TestNG.java:1114)
	at org.testng.TestNG.run(TestNG.java:1082)
	at org.testng.remote.AbstractRemoteTestNG.run(AbstractRemoteTestNG.java:115)
	at org.testng.remote.RemoteTestNG.initAndRun(RemoteTestNG.java:251)
	at org.testng.remote.RemoteTestNG.main(RemoteTestNG.java:77)
</pre></div></td>
<td>0</td>
<td>TestCases.LoanTenureCalculatorUICheck@26794848</td></tr>
</table><p>
</body>
</html>